2019-12-26 18:26:57.305 INFO  [main] the parameter fontNameList is null (SummerNoteConfigurationTest.java:180)
2019-12-26 18:29:18.707 INFO  [main] toolbar: ['fontStyle', ['style', 'bold', 'italic', 'underline', 'strikethrough', 'clear]],
['color', ['color']],
 ['para', ['ul', 'ol', 'paragraph']],
['table', ['table']],
['insert', ['link', 'picture', 'video']],
['view', ['fullscreen', 'codeview', 'help']] (SummerNoteConfigurationTest.java:201)
2019-12-26 18:37:54.586 INFO  [main] toolbar: ['fontStyle', ['style', 'bold', 'italic', 'underline', 'strikethrough', 'clear]],
	['color', ['color']],
	 ['para', ['ul', 'ol', 'paragraph']],
	['table', ['table']],
	['insert', ['link', 'picture', 'video']],
	['view', ['fullscreen', 'codeview', 'help'],
] (SummerNoteConfigurationTest.java:201)
2019-12-26 18:38:31.902 INFO  [main] toolbar: ['fontStyle', ['style', 'bold', 'italic', 'underline', 'strikethrough', 'clear]],
	['color', ['color']],
	['para', ['ul', 'ol', 'paragraph']],
	['table', ['table']],
	['insert', ['link', 'picture', 'video']],
	['view', ['fullscreen', 'codeview', 'help'],
] (SummerNoteConfigurationTest.java:201)
2019-12-26 18:38:45.077 INFO  [main] 	toolbar: ['fontStyle', ['style', 'bold', 'italic', 'underline', 'strikethrough', 'clear]],
		['color', ['color']],
		['para', ['ul', 'ol', 'paragraph']],
		['table', ['table']],
		['insert', ['link', 'picture', 'video']],
		['view', ['fullscreen', 'codeview', 'help'],
	] (SummerNoteConfigurationTest.java:201)
2019-12-26 18:39:01.109 INFO  [main] toolbar: ['fontStyle', ['style', 'bold', 'italic', 'underline', 'strikethrough', 'clear]],
	['color', ['color']],
	['para', ['ul', 'ol', 'paragraph']],
	['table', ['table']],
	['insert', ['link', 'picture', 'video']],
	['view', ['fullscreen', 'codeview', 'help'],
] (SummerNoteConfigurationTest.java:201)
2019-12-26 18:41:05.501 INFO  [main] toolbar: ['fontStyle', ['style', 'bold', 'italic', 'underline', 'strikethrough', 'clear]],
	['color', ['color']],
	['para', ['ul', 'ol', 'paragraph']],
	['table', ['table']],
	['insert', ['link', 'picture', 'video']],
	['view', ['fullscreen', 'codeview', 'help'],
] (SummerNoteConfigurationTest.java:203)
2019-12-26 18:43:47.489 INFO  [main] toolbar: ['fontStyle', ['style', 'bold', 'italic', 'underline', 'strikethrough', 'clear]],
	['fontname', ['fontname']],
	['color', ['color']],
	['para', ['ul', 'ol', 'paragraph']],
	['table', ['table']],
	['insert', ['link', 'picture', 'video']],
	['view', ['fullscreen', 'codeview', 'help'],
]
popover: {
	fontNames : ['Arial', 
] (SummerNoteConfigurationTest.java:233)
2019-12-26 18:45:39.250 INFO  [main] toolbar: ['fontStyle', ['style', 'bold', 'italic', 'underline', 'strikethrough', 'clear]],
	['color', ['color']],
	['para', ['ul', 'ol', 'paragraph']],
	['table', ['table']],
	['insert', ['link', 'picture', 'video']],
	['view', ['fullscreen', 'codeview', 'help'],
] (SummerNoteConfigurationTest.java:203)
2019-12-26 18:45:45.056 INFO  [main] toolbar: ['fontStyle', ['style', 'bold', 'italic', 'underline', 'strikethrough', 'clear]],
	['fontname', ['fontname']],
	['color', ['color']],
	['para', ['ul', 'ol', 'paragraph']],
	['table', ['table']],
	['insert', ['link', 'picture', 'video']],
	['view', ['fullscreen', 'codeview', 'help'],
]
popover: {
	fontNames : ['Arial', ]
} (SummerNoteConfigurationTest.java:233)
2019-12-26 18:47:08.967 INFO  [main] toolbar: ['fontStyle', ['style', 'bold', 'italic', 'underline', 'strikethrough', 'clear]],
	['fontname', ['fontname']],
	['color', ['color']],
	['para', ['ul', 'ol', 'paragraph']],
	['table', ['table']],
	['insert', ['link', 'picture', 'video']],
	['view', ['fullscreen', 'codeview', 'help'],
]
popover: {
	fontNames : ['Arial', ]
} (SummerNoteConfigurationTest.java:233)
2019-12-26 18:48:08.001 INFO  [main] toolbar: [
	['fontStyle', ['style', 'bold', 'italic', 'underline', 'strikethrough', 'clear]],
	['fontname', ['fontname']],
	['color', ['color']],
	['para', ['ul', 'ol', 'paragraph']],
	['table', ['table']],
	['insert', ['link', 'picture', 'video']],
	['view', ['fullscreen', 'codeview', 'help'],
]
popover: {
	fontNames : ['Arial', ]
} (SummerNoteConfigurationTest.java:233)
2019-12-26 18:48:56.292 INFO  [main] toolbar: [
	['fontStyle', ['style', 'bold', 'italic', 'underline', 'strikethrough', 'clear]],
	['fontname', ['fontname']],
	['color', ['color']],
	['para', ['ul', 'ol', 'paragraph']],
	['table', ['table']],
	['insert', ['link', 'picture', 'video']],
	['view', ['fullscreen', 'codeview', 'help'],
],
popover: {
	fontNames : ['Arial', ]
} (SummerNoteConfigurationTest.java:233)
2019-12-26 18:49:16.529 INFO  [main] toolbar: [
	['fontStyle', ['style', 'bold', 'italic', 'underline', 'strikethrough', 'clear]],
	['color', ['color']],
	['para', ['ul', 'ol', 'paragraph']],
	['table', ['table']],
	['insert', ['link', 'picture', 'video']],
	['view', ['fullscreen', 'codeview', 'help'],
] (SummerNoteConfigurationTest.java:203)
